d:\applications\work\kit308 multicore\ass3\assignment3multicore\raytracerass3\raytracerass3\release\vc142.pdb
d:\applications\work\kit308 multicore\ass3\assignment3multicore\raytracerass3\raytracerass3\release\texturing.obj
d:\applications\work\kit308 multicore\ass3\assignment3multicore\raytracerass3\raytracerass3\release\scene.obj
d:\applications\work\kit308 multicore\ass3\assignment3multicore\raytracerass3\raytracerass3\release\raytrace.obj
d:\applications\work\kit308 multicore\ass3\assignment3multicore\raytracerass3\raytracerass3\release\loadcl.obj
d:\applications\work\kit308 multicore\ass3\assignment3multicore\raytracerass3\raytracerass3\release\lighting.obj
d:\applications\work\kit308 multicore\ass3\assignment3multicore\raytracerass3\raytracerass3\release\intersection.obj
d:\applications\work\kit308 multicore\ass3\assignment3multicore\raytracerass3\raytracerass3\release\imageio.obj
d:\applications\work\kit308 multicore\ass3\assignment3multicore\raytracerass3\raytracerass3\release\config.obj
d:\applications\work\kit308 multicore\ass3\assignment3multicore\raytracerass3\release\raytracerass3.exe
d:\applications\work\kit308 multicore\ass3\assignment3multicore\raytracerass3\release\raytracerass3.pdb
d:\applications\work\kit308 multicore\ass3\assignment3multicore\raytracerass3\release\raytracerass3.ipdb
d:\applications\work\kit308 multicore\ass3\assignment3multicore\raytracerass3\release\raytracerass3.iobj
d:\applications\work\kit308 multicore\ass3\assignment3multicore\raytracerass3\raytracerass3\release\raytracerass3.tlog\cl.command.1.tlog
d:\applications\work\kit308 multicore\ass3\assignment3multicore\raytracerass3\raytracerass3\release\raytracerass3.tlog\cl.read.1.tlog
d:\applications\work\kit308 multicore\ass3\assignment3multicore\raytracerass3\raytracerass3\release\raytracerass3.tlog\cl.write.1.tlog
d:\applications\work\kit308 multicore\ass3\assignment3multicore\raytracerass3\raytracerass3\release\raytracerass3.tlog\link.command.1.tlog
d:\applications\work\kit308 multicore\ass3\assignment3multicore\raytracerass3\raytracerass3\release\raytracerass3.tlog\link.read.1.tlog
d:\applications\work\kit308 multicore\ass3\assignment3multicore\raytracerass3\raytracerass3\release\raytracerass3.tlog\link.write.1.tlog
d:\applications\work\kit308 multicore\ass3\assignment3multicore\raytracerass3\raytracerass3\release\raytracerass3.tlog\raytracerass3.write.1u.tlog
