d:\applications\work\kit308 multicore\ass3\assignment3multicore\raytracerass3\stage5\release\vc142.pdb
d:\applications\work\kit308 multicore\ass3\assignment3multicore\raytracerass3\stage5\release\texturing.obj
d:\applications\work\kit308 multicore\ass3\assignment3multicore\raytracerass3\stage5\release\scene.obj
d:\applications\work\kit308 multicore\ass3\assignment3multicore\raytracerass3\stage5\release\raytrace.obj
d:\applications\work\kit308 multicore\ass3\assignment3multicore\raytracerass3\stage5\release\loadcl.obj
d:\applications\work\kit308 multicore\ass3\assignment3multicore\raytracerass3\stage5\release\lighting.obj
d:\applications\work\kit308 multicore\ass3\assignment3multicore\raytracerass3\stage5\release\intersection.obj
d:\applications\work\kit308 multicore\ass3\assignment3multicore\raytracerass3\stage5\release\imageio.obj
d:\applications\work\kit308 multicore\ass3\assignment3multicore\raytracerass3\stage5\release\config.obj
d:\applications\work\kit308 multicore\ass3\assignment3multicore\raytracerass3\release\stage5.exe
d:\applications\work\kit308 multicore\ass3\assignment3multicore\raytracerass3\release\stage5.pdb
d:\applications\work\kit308 multicore\ass3\assignment3multicore\raytracerass3\release\stage5.ipdb
d:\applications\work\kit308 multicore\ass3\assignment3multicore\raytracerass3\release\stage5.iobj
d:\applications\work\kit308 multicore\ass3\assignment3multicore\raytracerass3\stage5\release\stage5.tlog\cl.command.1.tlog
d:\applications\work\kit308 multicore\ass3\assignment3multicore\raytracerass3\stage5\release\stage5.tlog\cl.read.1.tlog
d:\applications\work\kit308 multicore\ass3\assignment3multicore\raytracerass3\stage5\release\stage5.tlog\cl.write.1.tlog
d:\applications\work\kit308 multicore\ass3\assignment3multicore\raytracerass3\stage5\release\stage5.tlog\link.command.1.tlog
d:\applications\work\kit308 multicore\ass3\assignment3multicore\raytracerass3\stage5\release\stage5.tlog\link.read.1.tlog
d:\applications\work\kit308 multicore\ass3\assignment3multicore\raytracerass3\stage5\release\stage5.tlog\link.write.1.tlog
d:\applications\work\kit308 multicore\ass3\assignment3multicore\raytracerass3\stage5\release\stage5.tlog\stage5.write.1u.tlog
